<?xml version="1.0" encoding="UTF-8"?>
<testng-results ignored="0" total="2" passed="2" failed="0" skipped="0">
  <reporter-output>
  </reporter-output>
  <suite started-at="2024-11-26T09:56:50 IST" name="Default suite" finished-at="2024-11-26T09:57:31 IST" duration-ms="40964">
    <groups>
      <group name="cucumber">
        <method signature="AbstractTestNGCucumberTests.runScenario(io.cucumber.testng.PickleWrapper,io.cucumber.testng.FeatureWrapper)[pri:0, instance:com.incubyte.testrunners.TestRunner@6913c1fb]" name="runScenario" class="io.cucumber.testng.AbstractTestNGCucumberTests"/>
      </group> <!-- cucumber -->
    </groups>
    <test started-at="2024-11-26T09:56:50 IST" name="Default test" finished-at="2024-11-26T09:57:31 IST" duration-ms="40964">
      <class name="com.incubyte.testrunners.TestRunner">
        <test-method is-config="true" signature="setUpClass(org.testng.ITestContext)[pri:0, instance:com.incubyte.testrunners.TestRunner@6913c1fb]" started-at="2024-11-26T09:56:50 IST" name="setUpClass" finished-at="2024-11-26T09:56:51 IST" duration-ms="1374" status="PASS">
          <params>
            <param index="0">
              <value>
                <![CDATA[org.testng.TestRunner@77fc19cf]]>
              </value>
            </param>
          </params>
          <reporter-output>
          </reporter-output>
        </test-method> <!-- setUpClass -->
        <test-method signature="runScenario(io.cucumber.testng.PickleWrapper,io.cucumber.testng.FeatureWrapper)[pri:0, instance:com.incubyte.testrunners.TestRunner@6913c1fb]" started-at="2024-11-26T09:56:51 IST" name="runScenario" description="Runs Cucumber Scenarios" data-provider="scenarios" finished-at="2024-11-26T09:57:16 IST" duration-ms="24827" status="PASS">
          <params>
            <param index="0">
              <value>
                <![CDATA["Create new customer account with valid details"]]>
              </value>
            </param>
            <param index="1">
              <value>
                <![CDATA["HomePage functionality"]]>
              </value>
            </param>
          </params>
          <reporter-output>
          </reporter-output>
        </test-method> <!-- runScenario -->
        <test-method signature="runScenario(io.cucumber.testng.PickleWrapper,io.cucumber.testng.FeatureWrapper)[pri:0, instance:com.incubyte.testrunners.TestRunner@6913c1fb]" started-at="2024-11-26T09:57:16 IST" name="runScenario" description="Runs Cucumber Scenarios" data-provider="scenarios" finished-at="2024-11-26T09:57:30 IST" duration-ms="14478" status="PASS">
          <params>
            <param index="0">
              <value>
                <![CDATA["Sign-in with already registered email"]]>
              </value>
            </param>
            <param index="1">
              <value>
                <![CDATA["HomePage functionality"]]>
              </value>
            </param>
          </params>
          <reporter-output>
          </reporter-output>
        </test-method> <!-- runScenario -->
        <test-method is-config="true" signature="tearDownClass()[pri:0, instance:com.incubyte.testrunners.TestRunner@6913c1fb]" started-at="2024-11-26T09:57:30 IST" name="tearDownClass" finished-at="2024-11-26T09:57:31 IST" duration-ms="175" status="PASS">
          <reporter-output>
          </reporter-output>
        </test-method> <!-- tearDownClass -->
      </class> <!-- com.incubyte.testrunners.TestRunner -->
    </test> <!-- Default test -->
  </suite> <!-- Default suite -->
</testng-results>
